Tue Apr 21 17:02:36 UTC 2026: Synced to GitHub
Tue Apr 21 17:08:12 UTC 2026: Synced to GitHub
Tue Apr 21 17:11:13 UTC 2026: Restarting sync daemon
[2026-04-21 17:11:47] Sync daemon started (PID 13847, interval 60s)
Tue Apr 21 17:13:09 UTC 2026: Synced to GitHub
Tue Apr 21 17:13:31 UTC 2026: Synced to GitHub
Tue Apr 21 17:13:54 UTC 2026: Synced to GitHub
Tue Apr 21 17:14:25 UTC 2026: Synced to GitHub
Tue Apr 21 17:15:43 UTC 2026: Synced to GitHub
Tue Apr 21 17:17:03 UTC 2026: Synced to GitHub
Tue Apr 21 17:18:21 UTC 2026: Synced to GitHub
Tue Apr 21 17:19:39 UTC 2026: Synced to GitHub
Tue Apr 21 17:21:00 UTC 2026: Synced to GitHub
Tue Apr 21 17:22:18 UTC 2026: Synced to GitHub
Tue Apr 21 17:23:35 UTC 2026: Synced to GitHub
Tue Apr 21 17:24:53 UTC 2026: Synced to GitHub
Tue Apr 21 17:26:13 UTC 2026: Synced to GitHub
Tue Apr 21 17:27:34 UTC 2026: Synced to GitHub
Tue Apr 21 17:28:56 UTC 2026: Synced to GitHub
Tue Apr 21 17:30:20 UTC 2026: Synced to GitHub
Tue Apr 21 17:31:42 UTC 2026: Synced to GitHub
Tue Apr 21 17:33:04 UTC 2026: Synced to GitHub
Tue Apr 21 17:34:21 UTC 2026: Synced to GitHub
Tue Apr 21 17:35:42 UTC 2026: Synced to GitHub
Tue Apr 21 17:37:03 UTC 2026: Synced to GitHub
Tue Apr 21 17:38:22 UTC 2026: Synced to GitHub
Tue Apr 21 17:39:42 UTC 2026: Synced to GitHub
Tue Apr 21 17:41:03 UTC 2026: Synced to GitHub
Tue Apr 21 17:42:27 UTC 2026: Synced to GitHub
Tue Apr 21 17:43:47 UTC 2026: Synced to GitHub
Tue Apr 21 17:45:11 UTC 2026: Synced to GitHub
Tue Apr 21 17:46:34 UTC 2026: Synced to GitHub
Tue Apr 21 17:47:55 UTC 2026: Synced to GitHub
Tue Apr 21 17:49:16 UTC 2026: Synced to GitHub
Tue Apr 21 17:50:38 UTC 2026: Synced to GitHub
Tue Apr 21 17:52:01 UTC 2026: Synced to GitHub
Tue Apr 21 17:53:20 UTC 2026: Synced to GitHub
Tue Apr 21 17:54:39 UTC 2026: Synced to GitHub
Tue Apr 21 17:55:57 UTC 2026: Synced to GitHub
Tue Apr 21 17:57:15 UTC 2026: Synced to GitHub
Tue Apr 21 17:58:32 UTC 2026: Synced to GitHub
Tue Apr 21 17:59:48 UTC 2026: Synced to GitHub
Tue Apr 21 18:01:06 UTC 2026: Synced to GitHub
Tue Apr 21 18:02:24 UTC 2026: Synced to GitHub
Tue Apr 21 18:03:42 UTC 2026: Synced to GitHub
Tue Apr 21 18:05:01 UTC 2026: Synced to GitHub
Tue Apr 21 18:06:19 UTC 2026: Synced to GitHub
Tue Apr 21 18:07:36 UTC 2026: Synced to GitHub
Tue Apr 21 18:08:54 UTC 2026: Synced to GitHub
Tue Apr 21 18:10:11 UTC 2026: Synced to GitHub
Tue Apr 21 18:11:28 UTC 2026: Synced to GitHub
Tue Apr 21 18:12:45 UTC 2026: Synced to GitHub
[2026-04-21 19:08:27] Sync daemon started (PID 655, interval 60s)
Tue Apr 21 19:09:55 UTC 2026: Synced to GitHub
Tue Apr 21 19:12:22 UTC 2026: Synced to GitHub
Tue Apr 21 19:13:40 UTC 2026: Synced to GitHub
Tue Apr 21 19:14:58 UTC 2026: Synced to GitHub
Tue Apr 21 19:16:15 UTC 2026: Synced to GitHub
Tue Apr 21 19:17:33 UTC 2026: Synced to GitHub
Tue Apr 21 19:18:50 UTC 2026: Synced to GitHub
Tue Apr 21 19:20:09 UTC 2026: Synced to GitHub
Tue Apr 21 19:21:28 UTC 2026: Synced to GitHub
Tue Apr 21 19:22:48 UTC 2026: Synced to GitHub
Tue Apr 21 19:24:07 UTC 2026: Synced to GitHub
Tue Apr 21 19:25:26 UTC 2026: Synced to GitHub
Tue Apr 21 19:26:43 UTC 2026: Synced to GitHub
Tue Apr 21 19:28:03 UTC 2026: Synced to GitHub
Tue Apr 21 19:29:23 UTC 2026: Synced to GitHub
Tue Apr 21 19:30:46 UTC 2026: Synced to GitHub
Tue Apr 21 19:32:08 UTC 2026: Synced to GitHub
Tue Apr 21 19:33:26 UTC 2026: Synced to GitHub
Tue Apr 21 19:34:44 UTC 2026: Synced to GitHub
Tue Apr 21 19:36:02 UTC 2026: Synced to GitHub
Tue Apr 21 19:37:22 UTC 2026: Synced to GitHub
Tue Apr 21 19:38:42 UTC 2026: Synced to GitHub
Tue Apr 21 19:40:02 UTC 2026: Synced to GitHub
Tue Apr 21 19:41:19 UTC 2026: Synced to GitHub
Tue Apr 21 19:42:38 UTC 2026: Synced to GitHub
Tue Apr 21 19:43:59 UTC 2026: Synced to GitHub
Tue Apr 21 19:45:21 UTC 2026: Synced to GitHub
Tue Apr 21 19:46:44 UTC 2026: Synced to GitHub
Tue Apr 21 19:48:07 UTC 2026: Synced to GitHub
Tue Apr 21 19:49:32 UTC 2026: Synced to GitHub
Tue Apr 21 19:50:54 UTC 2026: Synced to GitHub
Tue Apr 21 19:52:16 UTC 2026: Synced to GitHub
Tue Apr 21 19:53:39 UTC 2026: Synced to GitHub
Tue Apr 21 19:55:03 UTC 2026: Synced to GitHub
Tue Apr 21 19:56:24 UTC 2026: Synced to GitHub
Tue Apr 21 19:57:44 UTC 2026: Synced to GitHub
Tue Apr 21 19:59:01 UTC 2026: Synced to GitHub
Tue Apr 21 20:00:24 UTC 2026: Synced to GitHub
Tue Apr 21 20:01:43 UTC 2026: Synced to GitHub
Tue Apr 21 20:03:05 UTC 2026: Synced to GitHub
Tue Apr 21 20:04:23 UTC 2026: Synced to GitHub
Tue Apr 21 20:05:44 UTC 2026: Synced to GitHub
Tue Apr 21 20:07:05 UTC 2026: Synced to GitHub
Tue Apr 21 20:08:25 UTC 2026: Synced to GitHub
Tue Apr 21 20:09:44 UTC 2026: Synced to GitHub
Tue Apr 21 20:11:05 UTC 2026: Synced to GitHub
Tue Apr 21 20:12:27 UTC 2026: Synced to GitHub
Tue Apr 21 20:13:45 UTC 2026: Synced to GitHub
Tue Apr 21 20:15:03 UTC 2026: Synced to GitHub
Tue Apr 21 20:16:21 UTC 2026: Synced to GitHub
Tue Apr 21 20:17:39 UTC 2026: Synced to GitHub
Tue Apr 21 20:18:59 UTC 2026: Synced to GitHub
Tue Apr 21 20:20:19 UTC 2026: Synced to GitHub
Tue Apr 21 20:21:40 UTC 2026: Synced to GitHub
Tue Apr 21 20:23:08 UTC 2026: Synced to GitHub
[2026-04-21 20:24:38] Sync error: Command '['bash', '/home/z/my-project/hermes-home/auto-sync.sh']' timed out after 30 seconds
[2026-04-21 20:26:08] Sync error: Command '['bash', '/home/z/my-project/hermes-home/auto-sync.sh']' timed out after 30 seconds
[2026-04-21 20:28:39] Sync error: Command '['bash', '/home/z/my-project/hermes-home/auto-sync.sh']' timed out after 30 seconds
Tue Apr 21 20:29:47 UTC 2026: Synced to GitHub
[2026-04-21 20:31:17] Sync error: Command '['bash', '/home/z/my-project/hermes-home/auto-sync.sh']' timed out after 30 seconds
[2026-04-21 20:32:47] Sync error: Command '['bash', '/home/z/my-project/hermes-home/auto-sync.sh']' timed out after 30 seconds
Tue Apr 21 20:33:54 UTC 2026: Synced to GitHub
[2026-04-21 20:35:24] Sync error: Command '['bash', '/home/z/my-project/hermes-home/auto-sync.sh']' timed out after 30 seconds
[2026-04-21 20:36:54] Sync error: Command '['bash', '/home/z/my-project/hermes-home/auto-sync.sh']' timed out after 30 seconds
[2026-04-21 20:38:24] Sync error: Command '['bash', '/home/z/my-project/hermes-home/auto-sync.sh']' timed out after 30 seconds
[2026-04-21 20:39:54] Sync error: Command '['bash', '/home/z/my-project/hermes-home/auto-sync.sh']' timed out after 30 seconds
Tue Apr 21 20:41:23 UTC 2026: Synced to GitHub
[2026-04-21 20:42:53] Sync error: Command '['bash', '/home/z/my-project/hermes-home/auto-sync.sh']' timed out after 30 seconds
[2026-04-21 20:44:23] Sync error: Command '['bash', '/home/z/my-project/hermes-home/auto-sync.sh']' timed out after 30 seconds
[2026-04-21 20:45:53] Sync error: Command '['bash', '/home/z/my-project/hermes-home/auto-sync.sh']' timed out after 30 seconds
Tue Apr 21 20:47:23 UTC 2026: Synced to GitHub
[2026-04-21 20:48:53] Sync error: Command '['bash', '/home/z/my-project/hermes-home/auto-sync.sh']' timed out after 30 seconds
Tue Apr 21 20:50:22 UTC 2026: Synced to GitHub
[2026-04-21 20:51:52] Sync error: Command '['bash', '/home/z/my-project/hermes-home/auto-sync.sh']' timed out after 30 seconds
[2026-04-21 20:53:22] Sync error: Command '['bash', '/home/z/my-project/hermes-home/auto-sync.sh']' timed out after 30 seconds
[2026-04-21 20:54:52] Sync error: Command '['bash', '/home/z/my-project/hermes-home/auto-sync.sh']' timed out after 30 seconds
[2026-04-21 20:56:22] Sync error: Command '['bash', '/home/z/my-project/hermes-home/auto-sync.sh']' timed out after 30 seconds
Tue Apr 21 20:57:52 UTC 2026: Synced to GitHub
Tue Apr 21 20:59:20 UTC 2026: Synced to GitHub
[2026-04-21 21:00:50] Sync error: Command '['bash', '/home/z/my-project/hermes-home/auto-sync.sh']' timed out after 30 seconds
Tue Apr 21 21:02:19 UTC 2026: Synced to GitHub
Tue Apr 21 21:03:47 UTC 2026: Synced to GitHub
Tue Apr 21 21:05:15 UTC 2026: Synced to GitHub
[2026-04-21 21:06:45] Sync error: Command '['bash', '/home/z/my-project/hermes-home/auto-sync.sh']' timed out after 30 seconds
Tue Apr 21 21:08:14 UTC 2026: Synced to GitHub
Tue Apr 21 21:09:44 UTC 2026: Synced to GitHub
[2026-04-21 21:11:14] Sync error: Command '['bash', '/home/z/my-project/hermes-home/auto-sync.sh']' timed out after 30 seconds
[2026-04-21 21:12:44] Sync error: Command '['bash', '/home/z/my-project/hermes-home/auto-sync.sh']' timed out after 30 seconds
[2026-04-21 21:14:14] Sync error: Command '['bash', '/home/z/my-project/hermes-home/auto-sync.sh']' timed out after 30 seconds
[2026-04-21 21:15:44] Sync error: Command '['bash', '/home/z/my-project/hermes-home/auto-sync.sh']' timed out after 30 seconds
[2026-04-21 21:17:14] Sync error: Command '['bash', '/home/z/my-project/hermes-home/auto-sync.sh']' timed out after 30 seconds
[2026-04-21 21:18:44] Sync error: Command '['bash', '/home/z/my-project/hermes-home/auto-sync.sh']' timed out after 30 seconds
[2026-04-21 21:20:14] Sync error: Command '['bash', '/home/z/my-project/hermes-home/auto-sync.sh']' timed out after 30 seconds
[2026-04-21 21:21:44] Sync error: Command '['bash', '/home/z/my-project/hermes-home/auto-sync.sh']' timed out after 30 seconds
[2026-04-21 21:23:14] Sync error: Command '['bash', '/home/z/my-project/hermes-home/auto-sync.sh']' timed out after 30 seconds
[2026-04-21 21:24:45] Sync error: Command '['bash', '/home/z/my-project/hermes-home/auto-sync.sh']' timed out after 30 seconds
[2026-04-21 21:26:15] Sync error: Command '['bash', '/home/z/my-project/hermes-home/auto-sync.sh']' timed out after 30 seconds
[2026-04-21 21:27:45] Sync error: Command '['bash', '/home/z/my-project/hermes-home/auto-sync.sh']' timed out after 30 seconds
[2026-04-21 21:29:15] Sync error: Command '['bash', '/home/z/my-project/hermes-home/auto-sync.sh']' timed out after 30 seconds
[2026-04-21 21:30:45] Sync error: Command '['bash', '/home/z/my-project/hermes-home/auto-sync.sh']' timed out after 30 seconds
[2026-04-21 21:32:15] Sync error: Command '['bash', '/home/z/my-project/hermes-home/auto-sync.sh']' timed out after 30 seconds
[2026-04-21 21:33:45] Sync error: Command '['bash', '/home/z/my-project/hermes-home/auto-sync.sh']' timed out after 30 seconds
[2026-04-21 21:35:15] Sync error: Command '['bash', '/home/z/my-project/hermes-home/auto-sync.sh']' timed out after 30 seconds
[2026-04-21 21:36:45] Sync error: Command '['bash', '/home/z/my-project/hermes-home/auto-sync.sh']' timed out after 30 seconds
[2026-04-21 21:38:15] Sync error: Command '['bash', '/home/z/my-project/hermes-home/auto-sync.sh']' timed out after 30 seconds
[2026-04-21 21:39:45] Sync error: Command '['bash', '/home/z/my-project/hermes-home/auto-sync.sh']' timed out after 30 seconds
[2026-04-21 21:41:15] Sync error: Command '['bash', '/home/z/my-project/hermes-home/auto-sync.sh']' timed out after 30 seconds
[2026-04-21 21:42:45] Sync error: Command '['bash', '/home/z/my-project/hermes-home/auto-sync.sh']' timed out after 30 seconds
Tue Apr 21 21:44:14 UTC 2026: Synced to GitHub
[2026-04-21 21:45:44] Sync error: Command '['bash', '/home/z/my-project/hermes-home/auto-sync.sh']' timed out after 30 seconds
Tue Apr 21 21:47:14 UTC 2026: Synced to GitHub
[2026-04-21 21:48:44] Sync error: Command '['bash', '/home/z/my-project/hermes-home/auto-sync.sh']' timed out after 30 seconds
[2026-04-21 21:50:14] Sync error: Command '['bash', '/home/z/my-project/hermes-home/auto-sync.sh']' timed out after 30 seconds
Tue Apr 21 21:51:43 UTC 2026: Synced to GitHub
Tue Apr 21 21:53:12 UTC 2026: Synced to GitHub
[2026-04-21 21:54:42] Sync error: Command '['bash', '/home/z/my-project/hermes-home/auto-sync.sh']' timed out after 30 seconds
Tue Apr 21 21:56:11 UTC 2026: Synced to GitHub
Tue Apr 21 21:57:40 UTC 2026: Synced to GitHub
[2026-04-21 21:59:10] Sync error: Command '['bash', '/home/z/my-project/hermes-home/auto-sync.sh']' timed out after 30 seconds
[2026-04-21 22:00:40] Sync error: Command '['bash', '/home/z/my-project/hermes-home/auto-sync.sh']' timed out after 30 seconds
[2026-04-21 22:02:10] Sync error: Command '['bash', '/home/z/my-project/hermes-home/auto-sync.sh']' timed out after 30 seconds
[2026-04-21 22:03:40] Sync error: Command '['bash', '/home/z/my-project/hermes-home/auto-sync.sh']' timed out after 30 seconds
[2026-04-21 22:05:11] Sync error: Command '['bash', '/home/z/my-project/hermes-home/auto-sync.sh']' timed out after 30 seconds
Tue Apr 21 22:06:40 UTC 2026: Synced to GitHub
[2026-04-21 22:08:10] Sync error: Command '['bash', '/home/z/my-project/hermes-home/auto-sync.sh']' timed out after 30 seconds
[2026-04-21 22:09:40] Sync error: Command '['bash', '/home/z/my-project/hermes-home/auto-sync.sh']' timed out after 30 seconds
Tue Apr 21 22:11:10 UTC 2026: Synced to GitHub
[2026-04-21 22:12:40] Sync error: Command '['bash', '/home/z/my-project/hermes-home/auto-sync.sh']' timed out after 30 seconds
[2026-04-21 22:14:10] Sync error: Command '['bash', '/home/z/my-project/hermes-home/auto-sync.sh']' timed out after 30 seconds
Tue Apr 21 22:15:40 UTC 2026: Synced to GitHub
Tue Apr 21 22:17:09 UTC 2026: Synced to GitHub
[2026-04-21 22:18:39] Sync error: Command '['bash', '/home/z/my-project/hermes-home/auto-sync.sh']' timed out after 30 seconds
Tue Apr 21 22:20:08 UTC 2026: Synced to GitHub
[2026-04-21 22:21:38] Sync error: Command '['bash', '/home/z/my-project/hermes-home/auto-sync.sh']' timed out after 30 seconds
[2026-04-21 22:23:08] Sync error: Command '['bash', '/home/z/my-project/hermes-home/auto-sync.sh']' timed out after 30 seconds
[2026-04-21 22:24:38] Sync error: Command '['bash', '/home/z/my-project/hermes-home/auto-sync.sh']' timed out after 30 seconds
[2026-04-21 22:26:08] Sync error: Command '['bash', '/home/z/my-project/hermes-home/auto-sync.sh']' timed out after 30 seconds
[2026-04-21 22:27:39] Sync error: Command '['bash', '/home/z/my-project/hermes-home/auto-sync.sh']' timed out after 30 seconds
Tue Apr 21 22:29:07 UTC 2026: Synced to GitHub
Tue Apr 21 22:30:35 UTC 2026: Synced to GitHub
Tue Apr 21 22:32:05 UTC 2026: Synced to GitHub
[2026-04-21 22:33:35] Sync error: Command '['bash', '/home/z/my-project/hermes-home/auto-sync.sh']' timed out after 30 seconds
[2026-04-21 22:35:05] Sync error: Command '['bash', '/home/z/my-project/hermes-home/auto-sync.sh']' timed out after 30 seconds
Tue Apr 21 22:36:34 UTC 2026: Synced to GitHub
Tue Apr 21 22:38:03 UTC 2026: Synced to GitHub
[2026-04-21 22:39:34] Sync error: Command '['bash', '/home/z/my-project/hermes-home/auto-sync.sh']' timed out after 30 seconds
[2026-04-21 22:41:04] Sync error: Command '['bash', '/home/z/my-project/hermes-home/auto-sync.sh']' timed out after 30 seconds
[2026-04-21 22:42:34] Sync error: Command '['bash', '/home/z/my-project/hermes-home/auto-sync.sh']' timed out after 30 seconds
[2026-04-21 22:44:04] Sync error: Command '['bash', '/home/z/my-project/hermes-home/auto-sync.sh']' timed out after 30 seconds
[2026-04-21 22:45:34] Sync error: Command '['bash', '/home/z/my-project/hermes-home/auto-sync.sh']' timed out after 30 seconds
Tue Apr 21 22:47:03 UTC 2026: Synced to GitHub
[2026-04-21 22:48:33] Sync error: Command '['bash', '/home/z/my-project/hermes-home/auto-sync.sh']' timed out after 30 seconds
[2026-04-21 22:50:03] Sync error: Command '['bash', '/home/z/my-project/hermes-home/auto-sync.sh']' timed out after 30 seconds
[2026-04-21 22:51:33] Sync error: Command '['bash', '/home/z/my-project/hermes-home/auto-sync.sh']' timed out after 30 seconds
[2026-04-21 22:53:03] Sync error: Command '['bash', '/home/z/my-project/hermes-home/auto-sync.sh']' timed out after 30 seconds
[2026-04-21 22:54:33] Sync error: Command '['bash', '/home/z/my-project/hermes-home/auto-sync.sh']' timed out after 30 seconds
[2026-04-21 22:56:03] Sync error: Command '['bash', '/home/z/my-project/hermes-home/auto-sync.sh']' timed out after 30 seconds
Tue Apr 21 22:57:33 UTC 2026: Synced to GitHub
Tue Apr 21 22:59:02 UTC 2026: Synced to GitHub
Tue Apr 21 23:00:30 UTC 2026: Synced to GitHub
[2026-04-21 23:02:00] Sync error: Command '['bash', '/home/z/my-project/hermes-home/auto-sync.sh']' timed out after 30 seconds
Tue Apr 21 23:03:30 UTC 2026: Synced to GitHub
[2026-04-21 23:05:00] Sync error: Command '['bash', '/home/z/my-project/hermes-home/auto-sync.sh']' timed out after 30 seconds
Tue Apr 21 23:06:29 UTC 2026: Synced to GitHub
[2026-04-21 23:07:59] Sync error: Command '['bash', '/home/z/my-project/hermes-home/auto-sync.sh']' timed out after 30 seconds
[2026-04-21 23:09:29] Sync error: Command '['bash', '/home/z/my-project/hermes-home/auto-sync.sh']' timed out after 30 seconds
[2026-04-21 23:10:59] Sync error: Command '['bash', '/home/z/my-project/hermes-home/auto-sync.sh']' timed out after 30 seconds
[2026-04-21 23:12:29] Sync error: Command '['bash', '/home/z/my-project/hermes-home/auto-sync.sh']' timed out after 30 seconds
[2026-04-21 23:13:59] Sync error: Command '['bash', '/home/z/my-project/hermes-home/auto-sync.sh']' timed out after 30 seconds
Tue Apr 21 23:15:28 UTC 2026: Synced to GitHub
Tue Apr 21 23:16:58 UTC 2026: Synced to GitHub
[2026-04-21 23:18:28] Sync error: Command '['bash', '/home/z/my-project/hermes-home/auto-sync.sh']' timed out after 30 seconds
[2026-04-21 23:19:58] Sync error: Command '['bash', '/home/z/my-project/hermes-home/auto-sync.sh']' timed out after 30 seconds
Tue Apr 21 23:21:27 UTC 2026: Synced to GitHub
[2026-04-21 23:22:57] Sync error: Command '['bash', '/home/z/my-project/hermes-home/auto-sync.sh']' timed out after 30 seconds
Tue Apr 21 23:24:26 UTC 2026: Synced to GitHub
Tue Apr 21 23:25:56 UTC 2026: Synced to GitHub
Tue Apr 21 23:27:25 UTC 2026: Synced to GitHub
[2026-04-21 23:28:55] Sync error: Command '['bash', '/home/z/my-project/hermes-home/auto-sync.sh']' timed out after 30 seconds
[2026-04-21 23:30:25] Sync error: Command '['bash', '/home/z/my-project/hermes-home/auto-sync.sh']' timed out after 30 seconds
[2026-04-21 23:31:55] Sync error: Command '['bash', '/home/z/my-project/hermes-home/auto-sync.sh']' timed out after 30 seconds
[2026-04-21 23:33:25] Sync error: Command '['bash', '/home/z/my-project/hermes-home/auto-sync.sh']' timed out after 30 seconds
[2026-04-21 23:34:56] Sync error: Command '['bash', '/home/z/my-project/hermes-home/auto-sync.sh']' timed out after 30 seconds
[2026-04-21 23:36:26] Sync error: Command '['bash', '/home/z/my-project/hermes-home/auto-sync.sh']' timed out after 30 seconds
[2026-04-21 23:37:56] Sync error: Command '['bash', '/home/z/my-project/hermes-home/auto-sync.sh']' timed out after 30 seconds
[2026-04-21 23:39:26] Sync error: Command '['bash', '/home/z/my-project/hermes-home/auto-sync.sh']' timed out after 30 seconds
[2026-04-21 23:40:56] Sync error: Command '['bash', '/home/z/my-project/hermes-home/auto-sync.sh']' timed out after 30 seconds
[2026-04-21 23:42:26] Sync error: Command '['bash', '/home/z/my-project/hermes-home/auto-sync.sh']' timed out after 30 seconds
[2026-04-21 23:43:56] Sync error: Command '['bash', '/home/z/my-project/hermes-home/auto-sync.sh']' timed out after 30 seconds
Tue Apr 21 23:45:25 UTC 2026: Synced to GitHub
[2026-04-21 23:46:55] Sync error: Command '['bash', '/home/z/my-project/hermes-home/auto-sync.sh']' timed out after 30 seconds
Tue Apr 21 23:48:24 UTC 2026: Synced to GitHub
Tue Apr 21 23:49:54 UTC 2026: Synced to GitHub
Tue Apr 21 23:51:24 UTC 2026: Synced to GitHub
Tue Apr 21 23:52:53 UTC 2026: Synced to GitHub
[2026-04-21 23:54:23] Sync error: Command '['bash', '/home/z/my-project/hermes-home/auto-sync.sh']' timed out after 30 seconds
[2026-04-21 23:55:53] Sync error: Command '['bash', '/home/z/my-project/hermes-home/auto-sync.sh']' timed out after 30 seconds
[2026-04-21 23:57:23] Sync error: Command '['bash', '/home/z/my-project/hermes-home/auto-sync.sh']' timed out after 30 seconds
[2026-04-21 23:58:53] Sync error: Command '['bash', '/home/z/my-project/hermes-home/auto-sync.sh']' timed out after 30 seconds
[2026-04-22 00:00:24] Sync error: Command '['bash', '/home/z/my-project/hermes-home/auto-sync.sh']' timed out after 30 seconds
[2026-04-22 00:01:54] Sync error: Command '['bash', '/home/z/my-project/hermes-home/auto-sync.sh']' timed out after 30 seconds
[2026-04-22 00:03:24] Sync error: Command '['bash', '/home/z/my-project/hermes-home/auto-sync.sh']' timed out after 30 seconds
[2026-04-22 00:04:54] Sync error: Command '['bash', '/home/z/my-project/hermes-home/auto-sync.sh']' timed out after 30 seconds
[2026-04-22 00:06:24] Sync error: Command '['bash', '/home/z/my-project/hermes-home/auto-sync.sh']' timed out after 30 seconds
[2026-04-22 00:07:54] Sync error: Command '['bash', '/home/z/my-project/hermes-home/auto-sync.sh']' timed out after 30 seconds
Wed Apr 22 00:09:23 UTC 2026: Synced to GitHub
Wed Apr 22 00:10:51 UTC 2026: Synced to GitHub
[2026-04-22 00:12:21] Sync error: Command '['bash', '/home/z/my-project/hermes-home/auto-sync.sh']' timed out after 30 seconds
[2026-04-22 00:13:52] Sync error: Command '['bash', '/home/z/my-project/hermes-home/auto-sync.sh']' timed out after 30 seconds
Wed Apr 22 00:15:21 UTC 2026: Synced to GitHub
[2026-04-22 00:16:51] Sync error: Command '['bash', '/home/z/my-project/hermes-home/auto-sync.sh']' timed out after 30 seconds
[2026-04-22 00:18:21] Sync error: Command '['bash', '/home/z/my-project/hermes-home/auto-sync.sh']' timed out after 30 seconds
Wed Apr 22 00:19:51 UTC 2026: Synced to GitHub
Wed Apr 22 00:21:19 UTC 2026: Synced to GitHub
Wed Apr 22 00:22:48 UTC 2026: Synced to GitHub
Wed Apr 22 00:24:17 UTC 2026: Synced to GitHub
Wed Apr 22 00:25:46 UTC 2026: Synced to GitHub
[2026-04-22 00:27:16] Sync error: Command '['bash', '/home/z/my-project/hermes-home/auto-sync.sh']' timed out after 30 seconds
[2026-04-22 00:28:46] Sync error: Command '['bash', '/home/z/my-project/hermes-home/auto-sync.sh']' timed out after 30 seconds
Wed Apr 22 00:30:16 UTC 2026: Synced to GitHub
Wed Apr 22 00:31:46 UTC 2026: Synced to GitHub
[2026-04-22 00:33:16] Sync error: Command '['bash', '/home/z/my-project/hermes-home/auto-sync.sh']' timed out after 30 seconds
[2026-04-22 00:34:46] Sync error: Command '['bash', '/home/z/my-project/hermes-home/auto-sync.sh']' timed out after 30 seconds
[2026-04-22 00:36:16] Sync error: Command '['bash', '/home/z/my-project/hermes-home/auto-sync.sh']' timed out after 30 seconds
[2026-04-22 00:37:46] Sync error: Command '['bash', '/home/z/my-project/hermes-home/auto-sync.sh']' timed out after 30 seconds
[2026-04-22 00:39:16] Sync error: Command '['bash', '/home/z/my-project/hermes-home/auto-sync.sh']' timed out after 30 seconds
[2026-04-22 00:40:46] Sync error: Command '['bash', '/home/z/my-project/hermes-home/auto-sync.sh']' timed out after 30 seconds
[2026-04-22 00:42:16] Sync error: Command '['bash', '/home/z/my-project/hermes-home/auto-sync.sh']' timed out after 30 seconds
[2026-04-22 00:43:46] Sync error: Command '['bash', '/home/z/my-project/hermes-home/auto-sync.sh']' timed out after 30 seconds
[2026-04-22 00:45:16] Sync error: Command '['bash', '/home/z/my-project/hermes-home/auto-sync.sh']' timed out after 30 seconds
[2026-04-22 00:46:47] Sync error: Command '['bash', '/home/z/my-project/hermes-home/auto-sync.sh']' timed out after 30 seconds
Wed Apr 22 00:48:16 UTC 2026: Synced to GitHub
Wed Apr 22 00:49:46 UTC 2026: Synced to GitHub
Wed Apr 22 00:51:16 UTC 2026: Synced to GitHub
Wed Apr 22 00:52:45 UTC 2026: Synced to GitHub
Wed Apr 22 00:54:15 UTC 2026: Synced to GitHub
[2026-04-22 00:55:45] Sync error: Command '['bash', '/home/z/my-project/hermes-home/auto-sync.sh']' timed out after 30 seconds
Wed Apr 22 00:57:14 UTC 2026: Synced to GitHub
Wed Apr 22 00:58:43 UTC 2026: Synced to GitHub
[2026-04-22 01:00:14] Sync error: Command '['bash', '/home/z/my-project/hermes-home/auto-sync.sh']' timed out after 30 seconds
Wed Apr 22 01:01:44 UTC 2026: Synced to GitHub
Wed Apr 22 01:03:13 UTC 2026: Synced to GitHub
Wed Apr 22 01:04:41 UTC 2026: Synced to GitHub
Wed Apr 22 01:06:11 UTC 2026: Synced to GitHub
Wed Apr 22 01:07:40 UTC 2026: Synced to GitHub
[2026-04-22 01:09:10] Sync error: Command '['bash', '/home/z/my-project/hermes-home/auto-sync.sh']' timed out after 30 seconds
[2026-04-22 01:10:40] Sync error: Command '['bash', '/home/z/my-project/hermes-home/auto-sync.sh']' timed out after 30 seconds
[2026-04-22 01:12:10] Sync error: Command '['bash', '/home/z/my-project/hermes-home/auto-sync.sh']' timed out after 30 seconds
[2026-04-22 01:13:40] Sync error: Command '['bash', '/home/z/my-project/hermes-home/auto-sync.sh']' timed out after 30 seconds
[2026-04-22 01:15:10] Sync error: Command '['bash', '/home/z/my-project/hermes-home/auto-sync.sh']' timed out after 30 seconds
[2026-04-22 01:16:40] Sync error: Command '['bash', '/home/z/my-project/hermes-home/auto-sync.sh']' timed out after 30 seconds
[2026-04-22 01:18:10] Sync error: Command '['bash', '/home/z/my-project/hermes-home/auto-sync.sh']' timed out after 30 seconds
[2026-04-22 01:19:40] Sync error: Command '['bash', '/home/z/my-project/hermes-home/auto-sync.sh']' timed out after 30 seconds
[2026-04-22 01:21:10] Sync error: Command '['bash', '/home/z/my-project/hermes-home/auto-sync.sh']' timed out after 30 seconds
[2026-04-22 01:22:40] Sync error: Command '['bash', '/home/z/my-project/hermes-home/auto-sync.sh']' timed out after 30 seconds
Wed Apr 22 01:24:10 UTC 2026: Synced to GitHub
[2026-04-22 01:25:40] Sync error: Command '['bash', '/home/z/my-project/hermes-home/auto-sync.sh']' timed out after 30 seconds
[2026-04-22 01:27:10] Sync error: Command '['bash', '/home/z/my-project/hermes-home/auto-sync.sh']' timed out after 30 seconds
Wed Apr 22 01:28:39 UTC 2026: Synced to GitHub
[2026-04-22 01:30:09] Sync error: Command '['bash', '/home/z/my-project/hermes-home/auto-sync.sh']' timed out after 30 seconds
[2026-04-22 01:31:39] Sync error: Command '['bash', '/home/z/my-project/hermes-home/auto-sync.sh']' timed out after 30 seconds
[2026-04-22 01:33:09] Sync error: Command '['bash', '/home/z/my-project/hermes-home/auto-sync.sh']' timed out after 30 seconds
[2026-04-22 01:34:39] Sync error: Command '['bash', '/home/z/my-project/hermes-home/auto-sync.sh']' timed out after 30 seconds
[2026-04-22 01:36:09] Sync error: Command '['bash', '/home/z/my-project/hermes-home/auto-sync.sh']' timed out after 30 seconds
[2026-04-22 01:37:39] Sync error: Command '['bash', '/home/z/my-project/hermes-home/auto-sync.sh']' timed out after 30 seconds
[2026-04-22 01:39:09] Sync error: Command '['bash', '/home/z/my-project/hermes-home/auto-sync.sh']' timed out after 30 seconds
[2026-04-22 01:40:39] Sync error: Command '['bash', '/home/z/my-project/hermes-home/auto-sync.sh']' timed out after 30 seconds
[2026-04-22 01:42:09] Sync error: Command '['bash', '/home/z/my-project/hermes-home/auto-sync.sh']' timed out after 30 seconds
[2026-04-22 01:43:39] Sync error: Command '['bash', '/home/z/my-project/hermes-home/auto-sync.sh']' timed out after 30 seconds
[2026-04-22 01:45:10] Sync error: Command '['bash', '/home/z/my-project/hermes-home/auto-sync.sh']' timed out after 30 seconds
[2026-04-22 01:46:40] Sync error: Command '['bash', '/home/z/my-project/hermes-home/auto-sync.sh']' timed out after 30 seconds
Wed Apr 22 01:48:09 UTC 2026: Synced to GitHub
[2026-04-22 01:49:39] Sync error: Command '['bash', '/home/z/my-project/hermes-home/auto-sync.sh']' timed out after 30 seconds
[2026-04-22 01:51:09] Sync error: Command '['bash', '/home/z/my-project/hermes-home/auto-sync.sh']' timed out after 30 seconds
[2026-04-22 01:52:40] Sync error: Command '['bash', '/home/z/my-project/hermes-home/auto-sync.sh']' timed out after 30 seconds
[2026-04-22 01:55:29] Sync error: Command '['bash', '/home/z/my-project/hermes-home/auto-sync.sh']' timed out after 30 seconds
[2026-04-22 01:56:59] Sync error: Command '['bash', '/home/z/my-project/hermes-home/auto-sync.sh']' timed out after 30 seconds
[2026-04-22 01:58:29] Sync error: Command '['bash', '/home/z/my-project/hermes-home/auto-sync.sh']' timed out after 30 seconds
[2026-04-22 01:59:59] Sync error: Command '['bash', '/home/z/my-project/hermes-home/auto-sync.sh']' timed out after 30 seconds
[2026-04-22 02:01:29] Sync error: Command '['bash', '/home/z/my-project/hermes-home/auto-sync.sh']' timed out after 30 seconds
[2026-04-22 02:02:59] Sync error: Command '['bash', '/home/z/my-project/hermes-home/auto-sync.sh']' timed out after 30 seconds
Wed Apr 22 02:04:29 UTC 2026: Synced to GitHub
