[2026-04-20 02:17:48] === Hermes Daemon Starting ===
[2026-04-20 02:17:48] Daemon running (PID 3238)
[2026-04-20 02:17:48] Gateway started (PID 3239)
[2026-04-20 03:04:08] === Hermes Daemon Starting ===
[2026-04-20 03:04:08] Daemon running (PID 5723)
[2026-04-20 03:04:08] Gateway started (PID 5724)
[2026-04-20 03:36:52] === Hermes Daemon Starting ===
[2026-04-20 03:36:52] Daemon running (PID 7113)
[2026-04-20 03:36:52] Gateway started (PID 7115)
[2026-04-20 03:49:10] === Hermes Daemon Starting ===
[2026-04-20 03:49:10] Daemon running (PID 7393)
[2026-04-20 03:49:10] Gateway started (PID 7395)
[2026-04-20 06:06:20] Gateway died (exit code -7), restart #1
[2026-04-20 06:06:25] Gateway restarted (PID 9079)
[2026-04-20 09:17:30] === Hermes Daemon Starting ===
[2026-04-20 09:17:30] Daemon running (PID 842)
[2026-04-20 09:17:30] Gateway started (PID 844)
[2026-04-20 09:30:32] === Hermes Daemon Starting ===
[2026-04-20 09:30:33] Daemon running (PID 1676)
[2026-04-20 09:30:33] Gateway started (PID 1678)
[2026-04-20 09:31:30] === Hermes Daemon Starting ===
[2026-04-20 09:31:30] Daemon running (PID 1727)
[2026-04-20 09:31:30] Gateway started (PID 1729)
[2026-04-20 09:35:41] === Hermes Daemon Starting ===
[2026-04-20 09:35:41] Daemon running (PID 1890)
[2026-04-20 09:35:41] Gateway started (PID 1892)
